<?xml version="1.0" encoding="UTF-8"?>
<!-- Generated by org.testng.reporters.JUnitReportReporter -->
<testsuite hostname="VivekZambre" failures="0" tests="1" name="com.crm.testCases.TC03Knowledgebasetest" time="0.194" errors="0" timestamp="2022-10-11T16:51:47 IST" skipped="1">
  <testcase classname="com.crm.testCases.TC03Knowledgebasetest" name="VerifyKnowledgeBase" time="0.194">
    <skipped/>
  </testcase> <!-- VerifyKnowledgeBase -->
  <system-out/>
</testsuite> <!-- com.crm.testCases.TC03Knowledgebasetest -->
